[main] INFO Mylan0.2 - ********* Lunching Browser *********
[main] INFO Mylan0.2 - ******** verifying Dashboad *******
[main] INFO Mylan0.2 - ******** Adding customer details *********
[main] INFO Mylan0.2 - ********** Saving Customer Data ************
[main] INFO Mylan0.2 - ********* Verifying Customer is Added ********
[main] INFO Mylan0.2 - ********* Lunching Browser *********
[main] INFO Mylan0.2 - ******** verifying Dashboad *******
[main] INFO Mylan0.2 - ******** SetEmailID  *******
[main] INFO Mylan0.2 - ******  ClickOnSearchButton   ******
[main] INFO Mylan0.2 - ******* Verification of Customer *******
[main] INFO Mylan0.2 - ******** closing the browser  ********
[main] INFO Mylan0.2 - ********* Lunching Browser *********
[main] INFO Mylan0.2 - ******** verifying Dashboad *******
[main] INFO Mylan0.2 - ******* EnterTheFirstName  ********
[main] INFO Mylan0.2 - ******* EnterTheLastName  ********
[main] INFO Mylan0.2 - ******  ClickOnSearchButton   ******
[main] INFO Mylan0.2 - ******* Validate the Customer By Name  ********
[main] INFO Mylan0.2 - ******** closing the browser  ********
[main] INFO Mylan0.2 - ********* Lunching Browser *********
[main] INFO Mylan0.2 - ******* Launching URL *******
[main] INFO Mylan0.2 - ******* Providing the user email and password *******
[main] INFO Mylan0.2 - ******* started Login  ******
[main] INFO Mylan0.2 - ******* Login  passed******
[main] INFO Mylan0.2 - ********* Lunching Browser *********
[main] INFO Mylan0.2 - ******* Launching URL *******
[main] INFO Mylan0.2 - ******* Providing the user email and password *******
[main] INFO Mylan0.2 - ******* started Login  ******
[main] INFO Mylan0.2 - ******* Login  fail******
[main] INFO Mylan0.2 - ********* Lunching Browser *********
[main] INFO Mylan0.2 - ******* Launching URL *******
[main] INFO Mylan0.2 - ******* Providing the user email and password *******
[main] INFO Mylan0.2 - ******* started Login  ******
[main] INFO Mylan0.2 - ******* Login  fail******
[main] INFO Mylan0.2 - ********* Lunching Browser *********
[main] INFO Mylan0.2 - ******* Launching URL *******
[main] INFO Mylan0.2 - ******* Providing the user email and password *******
[main] INFO Mylan0.2 - ******* started Login  ******
[main] INFO Mylan0.2 - ******* Login  passed******
[main] INFO Mylan0.2 - ********* Lunching Browser *********
[main] INFO Mylan0.2 - ******** verifying Dashboad *******
[main] INFO Mylan0.2 - ******** Adding customer details *********
[main] INFO Mylan0.2 - ********** Saving Customer Data ************
[main] INFO Mylan0.2 - ********* Verifying Customer is Added ********
[main] INFO Mylan0.2 - ******** closing the browser  ********
[main] INFO Mylan0.2 - ********* Lunching Browser *********
[main] INFO Mylan0.2 - ******** verifying Dashboad *******
[main] INFO Mylan0.2 - ******** SetEmailID  *******
[main] INFO Mylan0.2 - ******  ClickOnSearchButton   ******
[main] INFO Mylan0.2 - ******* Verification of Customer *******
[main] INFO Mylan0.2 - ******** closing the browser  ********
[main] INFO Mylan0.2 - ********* Lunching Browser *********
[main] INFO Mylan0.2 - ******** verifying Dashboad *******
[main] INFO Mylan0.2 - ******* EnterTheFirstName  ********
[main] INFO Mylan0.2 - ******* EnterTheLastName  ********
[main] INFO Mylan0.2 - ******  ClickOnSearchButton   ******
[main] INFO Mylan0.2 - ******* Validate the Customer By Name  ********
[main] INFO Mylan0.2 - ******** closing the browser  ********
[main] INFO Mylan0.2 - ********* Lunching Browser *********
[main] INFO Mylan0.2 - ******* Launching URL *******
[main] INFO Mylan0.2 - ******* Providing the user email and password *******
[main] INFO Mylan0.2 - ******* started Login  ******
[main] INFO Mylan0.2 - ******* Login  passed******
[main] INFO Mylan0.2 - ******** click On logoutButton ********
[main] INFO Mylan0.2 - ******* Login  passed******
[main] INFO Mylan0.2 - ******** closing the browser  ********
[main] INFO Mylan0.2 - ********* Lunching Browser *********
[main] INFO Mylan0.2 - ******* Launching URL *******
[main] INFO Mylan0.2 - ******* Providing the user email and password *******
[main] INFO Mylan0.2 - ******* started Login  ******
[main] INFO Mylan0.2 - ******* Login  fail******
[main] INFO Mylan0.2 - ********* Lunching Browser *********
[main] INFO Mylan0.2 - ******* Launching URL *******
[main] INFO Mylan0.2 - ******* Providing the user email and password *******
[main] INFO Mylan0.2 - ******* started Login  ******
[main] INFO Mylan0.2 - ******* Login  fail******
[main] INFO Mylan0.2 - ********* Lunching Browser *********
[main] INFO Mylan0.2 - ******* Launching URL *******
[main] INFO Mylan0.2 - ******* Providing the user email and password *******
[main] INFO Mylan0.2 - ******* started Login  ******
[main] INFO Mylan0.2 - ******* Login  passed******
[main] INFO Mylan0.2 - ********* Lunching Browser *********
[main] INFO Mylan0.2 - ******** verifying Dashboad *******
[main] INFO Mylan0.2 - ******** Adding customer details *********
[main] INFO Mylan0.2 - ********** Saving Customer Data ************
[main] INFO Mylan0.2 - ********* Verifying Customer is Added ********
[main] INFO Mylan0.2 - ********* Lunching Browser *********
[main] INFO Mylan0.2 - ******** verifying Dashboad *******
[main] INFO Mylan0.2 - ******** SetEmailID  *******
[main] INFO Mylan0.2 - ******  ClickOnSearchButton   ******
[main] INFO Mylan0.2 - ******* Verification of Customer *******
[main] INFO Mylan0.2 - ******** closing the browser  ********
[main] INFO Mylan0.2 - ********* Lunching Browser *********
[main] INFO Mylan0.2 - ******** verifying Dashboad *******
[main] INFO Mylan0.2 - ******* EnterTheFirstName  ********
[main] INFO Mylan0.2 - ******* EnterTheLastName  ********
[main] INFO Mylan0.2 - ******  ClickOnSearchButton   ******
[main] INFO Mylan0.2 - ******* Validate the Customer By Name  ********
[main] INFO Mylan0.2 - ******** closing the browser  ********
[main] INFO Mylan0.2 - ********* Lunching Browser *********
[main] INFO Mylan0.2 - ********* Lunching Browser *********
[main] INFO Mylan0.2 - ******** verifying Dashboad *******
[main] INFO Mylan0.2 - ******** Adding customer details *********
[main] INFO Mylan0.2 - ********** Saving Customer Data ************
[main] INFO Mylan0.2 - ********* Verifying Customer is Added ********
[main] INFO Mylan0.2 - ********* Lunching Browser *********
[main] INFO Mylan0.2 - ******** verifying Dashboad *******
[main] INFO Mylan0.2 - ******** SetEmailID  *******
[main] INFO Mylan0.2 - ******  ClickOnSearchButton   ******
[main] INFO Mylan0.2 - ******* Verification of Customer *******
[main] INFO Mylan0.2 - ******** closing the browser  ********
[main] INFO Mylan0.2 - ********* Lunching Browser *********
[main] INFO Mylan0.2 - ******** verifying Dashboad *******
[main] INFO Mylan0.2 - ******* EnterTheFirstName  ********
[main] INFO Mylan0.2 - ******* EnterTheLastName  ********
[main] INFO Mylan0.2 - ******  ClickOnSearchButton   ******
[main] INFO Mylan0.2 - ******* Validate the Customer By Name  ********
[main] INFO Mylan0.2 - ******** closing the browser  ********
2022-12-30 20:51:13,482 [main] INFO Mylan0.2 - ********* Lunching Browser *********
2022-12-30 20:51:22,687 [main] INFO Mylan0.2 - ******** verifying Dashboad *******
2022-12-30 20:51:28,711 [main] INFO Mylan0.2 - ******** Adding customer details *********
2022-12-30 20:51:41,504 [main] INFO Mylan0.2 - ********* Lunching Browser *********
2022-12-30 20:51:51,389 [main] INFO Mylan0.2 - ******** verifying Dashboad *******
2022-12-30 20:52:12,227 [main] INFO Mylan0.2 - ********* Lunching Browser *********
2022-12-30 20:52:30,582 [main] INFO Mylan0.2 - ******** verifying Dashboad *******
2022-12-30 20:56:09,703 [main] INFO Mylan0.2 - ********* Lunching Browser *********
2022-12-30 21:20:41,387 [main] INFO Mylan0.2 - ********* Lunching Browser *********
2022-12-31 12:00:19,920 [main] INFO Mylan0.2 - ********* Lunching Browser *********
2022-12-31 12:00:30,262 [main] INFO Mylan0.2 - ******** verifying Dashboad *******
2022-12-31 12:00:34,126 [main] INFO Mylan0.2 - ******** Adding customer details *********
2022-12-31 12:01:24,298 [main] INFO Mylan0.2 - ********* Lunching Browser *********
2022-12-31 12:02:43,957 [main] INFO Mylan0.2 - ******** verifying Dashboad *******
2022-12-31 12:02:49,684 [main] INFO Mylan0.2 - ******** Adding customer details *********
2022-12-31 12:02:51,096 [main] INFO Mylan0.2 - ********** Saving Customer Data ************
2022-12-31 12:02:57,952 [main] INFO Mylan0.2 - ********* Verifying Customer is Added ********
2022-12-31 12:02:58,235 [main] INFO Mylan0.2 - ******** closing the browser  ********
2022-12-31 12:03:00,077 [main] INFO Mylan0.2 - ********* Lunching Browser *********
2022-12-31 12:03:00,109 [main] INFO Mylan0.2 - ******* Launching URL *******
2022-12-31 12:03:12,617 [main] INFO Mylan0.2 - ******* Providing the user email and password *******
2022-12-31 12:03:12,913 [main] INFO Mylan0.2 - ******* started Login  ******
2022-12-31 12:03:18,683 [main] INFO Mylan0.2 - ******* Login  passed******
2022-12-31 12:03:21,691 [main] INFO Mylan0.2 - ******** click On logoutButton ********
2022-12-31 12:03:28,549 [main] INFO Mylan0.2 - ******* Login  passed******
2022-12-31 12:03:31,575 [main] INFO Mylan0.2 - ******** closing the browser  ********
2022-12-31 19:32:37,924 [main] INFO Mylan0.2 - ********* Lunching Browser *********
2022-12-31 19:32:55,303 [main] INFO Mylan0.2 - ******** verifying Dashboad *******
2022-12-31 19:33:03,852 [main] INFO Mylan0.2 - ******** Adding customer details *********
2022-12-31 19:33:05,715 [main] INFO Mylan0.2 - ********** Saving Customer Data ************
2022-12-31 19:33:13,535 [main] INFO Mylan0.2 - ********* Verifying Customer is Added ********
2022-12-31 19:33:13,941 [main] INFO Mylan0.2 - ******** closing the browser  ********
2022-12-31 19:33:19,678 [main] INFO Mylan0.2 - ********* Lunching Browser *********
2022-12-31 19:33:19,678 [main] INFO Mylan0.2 - ******* Launching URL *******
2022-12-31 19:33:45,911 [main] INFO Mylan0.2 - ******* Providing the user email and password *******
2022-12-31 19:33:46,231 [main] INFO Mylan0.2 - ******* started Login  ******
2022-12-31 19:34:02,345 [main] INFO Mylan0.2 - ******* Login  passed******
2022-12-31 19:34:05,354 [main] INFO Mylan0.2 - ******** click On logoutButton ********
2022-12-31 19:34:12,407 [main] INFO Mylan0.2 - ******* Login  passed******
2022-12-31 19:34:15,425 [main] INFO Mylan0.2 - ******** closing the browser  ********
2022-12-31 20:05:29,826 [main] INFO Mylan0.2 - ********* Lunching Browser *********
2022-12-31 20:05:41,092 [main] INFO Mylan0.2 - ******** verifying Dashboad *******
2022-12-31 20:05:45,877 [main] INFO Mylan0.2 - ******** Adding customer details *********
2022-12-31 20:05:47,743 [main] INFO Mylan0.2 - ********** Saving Customer Data ************
2022-12-31 20:05:55,154 [main] INFO Mylan0.2 - ********* Verifying Customer is Added ********
2022-12-31 20:05:55,529 [main] INFO Mylan0.2 - ******** closing the browser  ********
2022-12-31 20:06:01,135 [main] INFO Mylan0.2 - ********* Lunching Browser *********
2022-12-31 20:06:01,143 [main] INFO Mylan0.2 - ******* Launching URL *******
2022-12-31 20:06:16,579 [main] INFO Mylan0.2 - ******* Providing the user email and password *******
2022-12-31 20:06:16,952 [main] INFO Mylan0.2 - ******* started Login  ******
2022-12-31 20:06:24,272 [main] INFO Mylan0.2 - ******* Login  passed******
2022-12-31 20:06:27,289 [main] INFO Mylan0.2 - ******** click On logoutButton ********
2022-12-31 20:07:56,178 [main] INFO Mylan0.2 - ********* Lunching Browser *********
2022-12-31 20:08:09,898 [main] INFO Mylan0.2 - ******** verifying Dashboad *******
2022-12-31 20:08:15,435 [main] INFO Mylan0.2 - ******** Adding customer details *********
2022-12-31 20:08:16,974 [main] INFO Mylan0.2 - ********** Saving Customer Data ************
2022-12-31 20:08:23,757 [main] INFO Mylan0.2 - ********* Verifying Customer is Added ********
2022-12-31 20:08:26,394 [main] INFO Mylan0.2 - ********* Lunching Browser *********
2022-12-31 20:08:26,402 [main] INFO Mylan0.2 - ******* Launching URL *******
2022-12-31 20:08:43,070 [main] INFO Mylan0.2 - ******* Providing the user email and password *******
2022-12-31 20:08:43,458 [main] INFO Mylan0.2 - ******* started Login  ******
2022-12-31 20:08:49,985 [main] INFO Mylan0.2 - ******* Login  passed******
2022-12-31 20:08:52,997 [main] INFO Mylan0.2 - ******** click On logoutButton ********
2022-12-31 20:08:59,475 [main] INFO Mylan0.2 - ******* Login  passed******
2022-12-31 20:09:02,492 [main] INFO Mylan0.2 - ******** closing the browser  ********
2022-12-31 22:07:56,558 [main] INFO Mylan0.2 - ********* Lunching Browser *********
2022-12-31 22:08:20,063 [main] INFO Mylan0.2 - ******** verifying Dashboad *******
2022-12-31 22:08:32,544 [main] INFO Mylan0.2 - ******** Adding customer details *********
2022-12-31 22:08:38,811 [main] INFO Mylan0.2 - ********* Lunching Browser *********
2022-12-31 22:08:38,819 [main] INFO Mylan0.2 - ******* Launching URL *******
2022-12-31 22:09:08,853 [main] INFO Mylan0.2 - ******* Providing the user email and password *******
2022-12-31 22:09:09,109 [main] INFO Mylan0.2 - ******* started Login  ******
2022-12-31 22:10:13,373 [main] INFO Mylan0.2 - ******* Login  passed******
2022-12-31 22:10:16,389 [main] INFO Mylan0.2 - ******** click On logoutButton ********
2022-12-31 22:10:32,766 [main] INFO Mylan0.2 - ******* Login  passed******
2022-12-31 22:10:35,782 [main] INFO Mylan0.2 - ******** closing the browser  ********
2023-01-02 16:22:23,107 [main] INFO Mylan0.2 - ********* Lunching Browser *********
2023-01-02 16:22:36,056 [main] INFO Mylan0.2 - ******** verifying Dashboad *******
2023-01-02 16:22:41,816 [main] INFO Mylan0.2 - ******** Adding customer details *********
2023-01-02 16:22:43,238 [main] INFO Mylan0.2 - ********** Saving Customer Data ************
2023-01-02 16:23:24,705 [main] INFO Mylan0.2 - ********* Verifying Customer is Added ********
2023-01-02 16:23:25,137 [main] INFO Mylan0.2 - ******** closing the browser  ********
2023-01-02 16:23:30,775 [main] INFO Mylan0.2 - ********* Lunching Browser *********
2023-01-02 16:23:30,779 [main] INFO Mylan0.2 - ******* Launching URL *******
2023-01-02 16:23:45,167 [main] INFO Mylan0.2 - ******* Providing the user email and password *******
2023-01-02 16:23:45,504 [main] INFO Mylan0.2 - ******* started Login  ******
2023-01-02 16:23:52,648 [main] INFO Mylan0.2 - ******* Login  passed******
2023-01-02 16:23:55,659 [main] INFO Mylan0.2 - ******** click On logoutButton ********
2023-01-02 16:24:01,828 [main] INFO Mylan0.2 - ******* Login  passed******
2023-01-02 16:24:04,835 [main] INFO Mylan0.2 - ******** closing the browser  ********
2023-01-02 18:29:56,537 [main] INFO Mylan0.2 - ********* Lunching Browser *********
2023-01-02 18:30:01,244 [main] INFO Mylan0.2 - ********* Lunching Browser *********
2023-01-02 18:30:01,248 [main] INFO Mylan0.2 - ******* Launching URL *******
2023-01-02 18:32:56,149 [main] INFO Mylan0.2 - ********* Lunching Browser *********
2023-01-02 18:33:30,153 [main] INFO Mylan0.2 - ******** verifying Dashboad *******
2023-01-02 18:33:43,610 [main] INFO Mylan0.2 - ******** Adding customer details *********
2023-01-02 18:33:46,911 [main] INFO Mylan0.2 - ********* Lunching Browser *********
2023-01-02 18:33:46,944 [main] INFO Mylan0.2 - ******* Launching URL *******
2023-01-02 18:34:23,039 [main] INFO Mylan0.2 - ******* Providing the user email and password *******
2023-01-02 18:34:23,347 [main] INFO Mylan0.2 - ******* started Login  ******
2023-01-02 18:35:02,151 [main] INFO Mylan0.2 - ******* Login  passed******
2023-01-02 18:35:05,160 [main] INFO Mylan0.2 - ******** click On logoutButton ********
2023-01-02 18:35:12,239 [main] INFO Mylan0.2 - ******* Login  passed******
2023-01-02 18:35:15,246 [main] INFO Mylan0.2 - ******** closing the browser  ********
2023-01-02 18:41:21,564 [main] INFO Mylan0.2 - ********* Lunching Browser *********
2023-01-02 18:41:34,375 [main] INFO Mylan0.2 - ******** verifying Dashboad *******
2023-01-02 18:41:40,514 [main] INFO Mylan0.2 - ******** Adding customer details *********
2023-01-02 18:41:41,918 [main] INFO Mylan0.2 - ********** Saving Customer Data ************
2023-01-02 18:41:48,834 [main] INFO Mylan0.2 - ********* Verifying Customer is Added ********
2023-01-02 18:41:51,050 [main] INFO Mylan0.2 - ********* Lunching Browser *********
2023-01-02 18:41:51,121 [main] INFO Mylan0.2 - ******* Launching URL *******
2023-01-02 18:46:40,730 [main] INFO Mylan0.2 - ********* Lunching Browser *********
2023-01-02 18:46:55,148 [main] INFO Mylan0.2 - ******** verifying Dashboad *******
2023-01-02 18:47:03,452 [main] INFO Mylan0.2 - ******** Adding customer details *********
2023-01-02 18:47:06,930 [main] INFO Mylan0.2 - ********* Lunching Browser *********
2023-01-02 18:47:06,937 [main] INFO Mylan0.2 - ******* Launching URL *******
2023-01-02 18:47:55,031 [main] INFO Mylan0.2 - ******* Providing the user email and password *******
2023-01-02 18:47:55,414 [main] INFO Mylan0.2 - ******* started Login  ******
2023-01-02 18:48:21,895 [main] INFO Mylan0.2 - ******* Login  passed******
2023-01-02 18:48:24,905 [main] INFO Mylan0.2 - ******** click On logoutButton ********
2023-01-02 18:48:30,266 [main] INFO Mylan0.2 - ******* Login  passed******
2023-01-02 18:48:33,275 [main] INFO Mylan0.2 - ******** closing the browser  ********
2023-01-02 18:54:02,274 [main] INFO Mylan0.2 - ********* Lunching Browser *********
2023-01-02 18:54:15,588 [main] INFO Mylan0.2 - ******** verifying Dashboad *******
2023-01-02 18:54:23,477 [main] INFO Mylan0.2 - ******** Adding customer details *********
2023-01-02 18:54:24,896 [main] INFO Mylan0.2 - ********** Saving Customer Data ************
2023-01-02 18:54:31,495 [main] INFO Mylan0.2 - ********* Verifying Customer is Added ********
2023-01-02 18:54:33,427 [main] INFO Mylan0.2 - ********* Lunching Browser *********
2023-01-02 18:54:33,430 [main] INFO Mylan0.2 - ******* Launching URL *******
2023-01-02 18:54:58,670 [main] INFO Mylan0.2 - ******* Providing the user email and password *******
2023-01-02 18:54:59,003 [main] INFO Mylan0.2 - ******* started Login  ******
2023-01-02 18:55:10,974 [main] INFO Mylan0.2 - ******* Login  passed******
2023-01-02 18:55:13,985 [main] INFO Mylan0.2 - ******** click On logoutButton ********
2023-01-02 18:55:43,213 [main] INFO Mylan0.2 - ******* Login  passed******
2023-01-02 18:55:46,227 [main] INFO Mylan0.2 - ******** closing the browser  ********
